# JRE version: OpenJDK Runtime Environment (8.0_202-b03) (build 1.8.0_202-release-1483-b03)
# Java VM: OpenJDK 64-Bit Server VM (25.202-b03 mixed mode windows-amd64 compressed oops)
Heap:
 PSYoungGen      total 115200K, used 80612K [0x00000000e0000000, 0x00000000e8280000, 0x0000000100000000)
  eden space 104448K, 67% used [0x00000000e0000000,0x00000000e44e8148,0x00000000e6600000)
  from space 10752K, 93% used [0x00000000e7180000,0x00000000e7b51150,0x00000000e7c00000)
  to   space 11776K, 0% used [0x00000000e6600000,0x00000000e6600000,0x00000000e7180000)
 ParOldGen       total 86016K, used 21104K [0x00000000a0000000, 0x00000000a5400000, 0x00000000e0000000)
  object space 86016K, 24% used [0x00000000a0000000,0x00000000a149c3d8,0x00000000a5400000)
 Metaspace       used 53430K, capacity 54972K, committed 55296K, reserved 1097728K
  class space    used 7232K, capacity 7647K, committed 7680K, reserved 1048576K
GC Heap History (10 events):
Event: 39.505 GC heap before
{Heap before GC invocations=10 (full 1):
 PSYoungGen      total 62976K, used 61451K [0x00000000e0000000, 0x00000000e6e00000, 0x0000000100000000)
  eden space 54272K, 100% used [0x00000000e0000000,0x00000000e3500000,0x00000000e3500000)
  from space 8704K, 82% used [0x00000000e3d80000,0x00000000e4482d28,0x00000000e4600000)
  to   space 8704K, 0% used [0x00000000e3500000,0x00000000e3500000,0x00000000e3d80000)
 ParOldGen       total 59392K, used 8985K [0x00000000a0000000, 0x00000000a3a00000, 0x00000000e0000000)
  object space 59392K, 15% used [0x00000000a0000000,0x00000000a08c6638,0x00000000a3a00000)
 Metaspace       used 33041K, capacity 33742K, committed 34048K, reserved 1079296K
  class space    used 4541K, capacity 4744K, committed 4864K, reserved 1048576K
Event: 39.530 GC heap after
Heap after GC invocations=10 (full 1):
 PSYoungGen      total 62976K, used 8695K [0x00000000e0000000, 0x00000000e6100000, 0x0000000100000000)
  eden space 54272K, 0% used [0x00000000e0000000,0x00000000e0000000,0x00000000e3500000)
  from space 8704K, 99% used [0x00000000e3500000,0x00000000e3d7dc70,0x00000000e3d80000)
  to   space 10240K, 0% used [0x00000000e5700000,0x00000000e5700000,0x00000000e6100000)
 ParOldGen       total 59392K, used 9487K [0x00000000a0000000, 0x00000000a3a00000, 0x00000000e0000000)
  object space 59392K, 15% used [0x00000000a0000000,0x00000000a0943d40,0x00000000a3a00000)
 Metaspace       used 33041K, capacity 33742K, committed 34048K, reserved 1079296K
  class space    used 4541K, capacity 4744K, committed 4864K, reserved 1048576K
}
Event: 41.889 GC heap before
{Heap before GC invocations=11 (full 1):
 PSYoungGen      total 62976K, used 48868K [0x00000000e0000000, 0x00000000e6100000, 0x0000000100000000)
  eden space 54272K, 74% used [0x00000000e0000000,0x00000000e273b510,0x00000000e3500000)
  from space 8704K, 99% used [0x00000000e3500000,0x00000000e3d7dc70,0x00000000e3d80000)
  to   space 10240K, 0% used [0x00000000e5700000,0x00000000e5700000,0x00000000e6100000)
 ParOldGen       total 59392K, used 9487K [0x00000000a0000000, 0x00000000a3a00000, 0x00000000e0000000)
  object space 59392K, 15% used [0x00000000a0000000,0x00000000a0943d40,0x00000000a3a00000)
 Metaspace       used 34664K, capacity 35378K, committed 35456K, reserved 1079296K
  class space    used 4799K, capacity 4989K, committed 4992K, reserved 1048576K
Event: 42.056 GC heap after
Heap after GC invocations=11 (full 1):
 PSYoungGen      total 89600K, used 6384K [0x00000000e0000000, 0x00000000e6380000, 0x0000000100000000)
  eden space 79360K, 0% used [0x00000000e0000000,0x00000000e0000000,0x00000000e4d80000)
  from space 10240K, 62% used [0x00000000e5700000,0x00000000e5d3c190,0x00000000e6100000)
  to   space 9728K, 0% used [0x00000000e4d80000,0x00000000e4d80000,0x00000000e5700000)
 ParOldGen       total 59392K, used 12914K [0x00000000a0000000, 0x00000000a3a00000, 0x00000000e0000000)
  object space 59392K, 21% used [0x00000000a0000000,0x00000000a0c9c8b0,0x00000000a3a00000)
 Metaspace       used 34664K, capacity 35378K, committed 35456K, reserved 1079296K
  class space    used 4799K, capacity 4989K, committed 4992K, reserved 1048576K
}
Event: 42.056 GC heap before
{Heap before GC invocations=12 (full 2):
 PSYoungGen      total 89600K, used 6384K [0x00000000e0000000, 0x00000000e6380000, 0x0000000100000000)
  eden space 79360K, 0% used [0x00000000e0000000,0x00000000e0000000,0x00000000e4d80000)
  from space 10240K, 62% used [0x00000000e5700000,0x00000000e5d3c190,0x00000000e6100000)
  to   space 9728K, 0% used [0x00000000e4d80000,0x00000000e4d80000,0x00000000e5700000)
 ParOldGen       total 59392K, used 12914K [0x00000000a0000000, 0x00000000a3a00000, 0x00000000e0000000)
  object space 59392K, 21% used [0x00000000a0000000,0x00000000a0c9c8b0,0x00000000a3a00000)
 Metaspace       used 34664K, capacity 35378K, committed 35456K, reserved 1079296K
  class space    used 4799K, capacity 4989K, committed 4992K, reserved 1048576K
Event: 42.609 GC heap after
Heap after GC invocations=12 (full 2):
 PSYoungGen      total 89600K, used 0K [0x00000000e0000000, 0x00000000e6380000, 0x0000000100000000)
  eden space 79360K, 0% used [0x00000000e0000000,0x00000000e0000000,0x00000000e4d80000)
  from space 10240K, 0% used [0x00000000e5700000,0x00000000e5700000,0x00000000e6100000)
  to   space 9728K, 0% used [0x00000000e4d80000,0x00000000e4d80000,0x00000000e5700000)
 ParOldGen       total 86016K, used 16975K [0x00000000a0000000, 0x00000000a5400000, 0x00000000e0000000)
  object space 86016K, 19% used [0x00000000a0000000,0x00000000a1093cc8,0x00000000a5400000)
 Metaspace       used 34664K, capacity 35378K, committed 35456K, reserved 1079296K
  class space    used 4799K, capacity 4989K, committed 4992K, reserved 1048576K
}
Event: 60.917 GC heap before
{Heap before GC invocations=13 (full 2):
 PSYoungGen      total 89600K, used 79360K [0x00000000e0000000, 0x00000000e6380000, 0x0000000100000000)
  eden space 79360K, 100% used [0x00000000e0000000,0x00000000e4d80000,0x00000000e4d80000)
  from space 10240K, 0% used [0x00000000e5700000,0x00000000e5700000,0x00000000e6100000)
  to   space 9728K, 0% used [0x00000000e4d80000,0x00000000e4d80000,0x00000000e5700000)
 ParOldGen       total 86016K, used 16975K [0x00000000a0000000, 0x00000000a5400000, 0x00000000e0000000)
  object space 86016K, 19% used [0x00000000a0000000,0x00000000a1093cc8,0x00000000a5400000)
 Metaspace       used 42167K, capacity 43204K, committed 43392K, reserved 1087488K
  class space    used 5721K, capacity 5994K, committed 6016K, reserved 1048576K
Event: 61.233 GC heap after
Heap after GC invocations=13 (full 2):
 PSYoungGen      total 89088K, used 9654K [0x00000000e0000000, 0x00000000e7c00000, 0x0000000100000000)
  eden space 79360K, 0% used [0x00000000e0000000,0x00000000e0000000,0x00000000e4d80000)
  from space 9728K, 99% used [0x00000000e4d80000,0x00000000e56ed898,0x00000000e5700000)
  to   space 10752K, 0% used [0x00000000e7180000,0x00000000e7180000,0x00000000e7c00000)
 ParOldGen       total 86016K, used 16983K [0x00000000a0000000, 0x00000000a5400000, 0x00000000e0000000)
  object space 86016K, 19% used [0x00000000a0000000,0x00000000a1095cc8,0x00000000a5400000)
 Metaspace       used 42167K, capacity 43204K, committed 43392K, reserved 1087488K
  class space    used 5721K, capacity 5994K, committed 6016K, reserved 1048576K
}
Event: 70.862 GC heap before
{Heap before GC invocations=14 (full 2):
 PSYoungGen      total 89088K, used 89014K [0x00000000e0000000, 0x00000000e7c00000, 0x0000000100000000)
  eden space 79360K, 100% used [0x00000000e0000000,0x00000000e4d80000,0x00000000e4d80000)
  from space 9728K, 99% used [0x00000000e4d80000,0x00000000e56ed898,0x00000000e5700000)
  to   space 10752K, 0% used [0x00000000e7180000,0x00000000e7180000,0x00000000e7c00000)
 ParOldGen       total 86016K, used 16983K [0x00000000a0000000, 0x00000000a5400000, 0x00000000e0000000)
  object space 86016K, 19% used [0x00000000a0000000,0x00000000a1095cc8,0x00000000a5400000)
 Metaspace       used 47332K, capacity 48690K, committed 48768K, reserved 1091584K
  class space    used 6380K, capacity 6740K, committed 6784K, reserved 1048576K
Event: 71.583 GC heap after
Heap after GC invocations=14 (full 2):
 PSYoungGen      total 115200K, used 10052K [0x00000000e0000000, 0x00000000e8280000, 0x0000000100000000)
  eden space 104448K, 0% used [0x00000000e0000000,0x00000000e0000000,0x00000000e6600000)
  from space 10752K, 93% used [0x00000000e7180000,0x00000000e7b51150,0x00000000e7c00000)
  to   space 11776K, 0% used [0x00000000e6600000,0x00000000e6600000,0x00000000e7180000)
 ParOldGen       total 86016K, used 21104K [0x00000000a0000000, 0x00000000a5400000, 0x00000000e0000000)
  object space 86016K, 24% used [0x00000000a0000000,0x00000000a149c3d8,0x00000000a5400000)
 Metaspace       used 47332K, capacity 48690K, committed 48768K, reserved 1091584K
  class space    used 6380K, capacity 6740K, committed 6784K, reserved 1048576K
}

